2016-10-19 23:33:01,897 [Worker-32] INFO  o.e.m.c.i.l.LifecycleMappingFactory - Using org.eclipse.m2e.jdt.JarLifecycleMapping lifecycle mapping for MavenProject: br.ic.ufal:Software-Testing:0.0.1-SNAPSHOT @ C:\Users\Eduardo\workspace\Software-Testing\Software-Testing\pom.xml.
2016-10-19 23:33:08,335 [Worker-32] INFO  o.e.m.j.i.AbstractJavaProjectConfigurator - Adding source folder /Software-Testing/src/main/java
2016-10-19 23:33:08,341 [Worker-32] INFO  o.e.m.j.i.AbstractJavaProjectConfigurator - Adding resource folder /Software-Testing/src/main/resources
2016-10-19 23:33:08,349 [Worker-32] INFO  o.e.m.j.i.AbstractJavaProjectConfigurator - Adding source folder /Software-Testing/src/test/java
2016-10-19 23:33:08,350 [Worker-32] INFO  o.e.m.j.i.AbstractJavaProjectConfigurator - Adding resource folder /Software-Testing/src/test/resources
2016-10-19 23:33:16,248 [Worker-26] WARN  o.e.m.c.i.embedder.EclipseLogger - Using platform encoding (Cp1252 actually) to copy filtered resources, i.e. build is platform dependent!
2016-10-19 23:33:16,392 [Worker-26] INFO  o.e.m.c.i.embedder.EclipseLogger - Copying 0 resource
2016-10-19 23:33:16,399 [Worker-26] WARN  o.e.m.c.i.embedder.EclipseLogger - Using platform encoding (Cp1252 actually) to copy filtered resources, i.e. build is platform dependent!
2016-10-19 23:33:16,428 [Worker-26] INFO  o.e.m.c.i.embedder.EclipseLogger - Copying 0 resource
2016-10-19 23:44:08,956 [Worker-53] INFO  o.e.m.c.i.l.LifecycleMappingFactory - Using org.eclipse.m2e.jdt.JarLifecycleMapping lifecycle mapping for MavenProject: br.ic.ufal:Software-Testing:0.0.1-SNAPSHOT @ C:\Users\Eduardo\workspace\Software-Testing\Software-Testing\pom.xml.
2016-10-19 23:44:11,310 [Worker-53] INFO  o.e.m.j.i.AbstractJavaProjectConfigurator - Adding source folder /Software-Testing/src/main/java
2016-10-19 23:44:11,313 [Worker-53] INFO  o.e.m.j.i.AbstractJavaProjectConfigurator - Adding resource folder /Software-Testing/src/main/resources
2016-10-19 23:44:11,318 [Worker-53] INFO  o.e.m.j.i.AbstractJavaProjectConfigurator - Adding source folder /Software-Testing/src/test/java
2016-10-19 23:44:11,321 [Worker-53] INFO  o.e.m.j.i.AbstractJavaProjectConfigurator - Adding resource folder /Software-Testing/src/test/resources
2016-10-19 23:44:12,619 [Worker-53] WARN  o.e.m.c.i.embedder.EclipseLogger - Using platform encoding (Cp1252 actually) to copy filtered resources, i.e. build is platform dependent!
2016-10-19 23:44:12,637 [Worker-53] INFO  o.e.m.c.i.embedder.EclipseLogger - Copying 0 resource
2016-10-19 23:44:12,692 [Worker-53] WARN  o.e.m.c.i.embedder.EclipseLogger - Using platform encoding (Cp1252 actually) to copy filtered resources, i.e. build is platform dependent!
2016-10-19 23:44:12,710 [Worker-53] INFO  o.e.m.c.i.embedder.EclipseLogger - Copying 0 resource
2016-10-19 23:44:56,719 [Worker-53] WARN  o.e.m.c.i.embedder.EclipseLogger - Using platform encoding (Cp1252 actually) to copy filtered resources, i.e. build is platform dependent!
2016-10-19 23:44:56,789 [Worker-53] INFO  o.e.m.c.i.embedder.EclipseLogger - Copying 0 resource
2016-10-19 23:44:56,800 [Worker-53] WARN  o.e.m.c.i.embedder.EclipseLogger - Using platform encoding (Cp1252 actually) to copy filtered resources, i.e. build is platform dependent!
2016-10-19 23:44:56,961 [Worker-53] INFO  o.e.m.c.i.embedder.EclipseLogger - Copying 0 resource
2016-10-19 23:44:58,166 [Worker-54] WARN  o.e.m.c.i.embedder.EclipseLogger - Using platform encoding (Cp1252 actually) to copy filtered resources, i.e. build is platform dependent!
2016-10-19 23:44:58,204 [Worker-54] INFO  o.e.m.c.i.embedder.EclipseLogger - Copying 0 resource
2016-10-19 23:44:58,215 [Worker-54] WARN  o.e.m.c.i.embedder.EclipseLogger - Using platform encoding (Cp1252 actually) to copy filtered resources, i.e. build is platform dependent!
2016-10-19 23:44:58,328 [Worker-54] INFO  o.e.m.c.i.embedder.EclipseLogger - Copying 0 resource
2016-10-19 23:45:16,369 [Worker-53] WARN  o.e.m.c.i.embedder.EclipseLogger - Using platform encoding (Cp1252 actually) to copy filtered resources, i.e. build is platform dependent!
2016-10-19 23:45:16,394 [Worker-53] INFO  o.e.m.c.i.embedder.EclipseLogger - Copying 0 resource
2016-10-19 23:45:16,416 [Worker-53] WARN  o.e.m.c.i.embedder.EclipseLogger - Using platform encoding (Cp1252 actually) to copy filtered resources, i.e. build is platform dependent!
2016-10-19 23:45:16,459 [Worker-53] INFO  o.e.m.c.i.embedder.EclipseLogger - Copying 0 resource
2016-10-19 23:46:03,551 [Worker-56] WARN  o.e.m.c.i.embedder.EclipseLogger - Using platform encoding (Cp1252 actually) to copy filtered resources, i.e. build is platform dependent!
2016-10-19 23:46:03,604 [Worker-56] INFO  o.e.m.c.i.embedder.EclipseLogger - Copying 0 resource
2016-10-19 23:46:03,654 [Worker-56] WARN  o.e.m.c.i.embedder.EclipseLogger - Using platform encoding (Cp1252 actually) to copy filtered resources, i.e. build is platform dependent!
2016-10-19 23:46:03,721 [Worker-56] INFO  o.e.m.c.i.embedder.EclipseLogger - Copying 0 resource
2016-10-19 23:49:04,106 [Worker-59] INFO  o.e.m.c.i.l.LifecycleMappingFactory - Using org.eclipse.m2e.jdt.JarLifecycleMapping lifecycle mapping for MavenProject: br.ic.ufal:Software-Testing:0.0.1-SNAPSHOT @ C:\Users\Eduardo\workspace\Software-Testing\Software-Testing\pom.xml.
2016-10-19 23:49:06,063 [Worker-59] WARN  o.e.m.c.i.embedder.EclipseLogger - Using platform encoding (Cp1252 actually) to copy filtered resources, i.e. build is platform dependent!
2016-10-19 23:49:06,095 [Worker-59] INFO  o.e.m.c.i.embedder.EclipseLogger - Copying 0 resource
2016-10-19 23:49:06,114 [Worker-59] WARN  o.e.m.c.i.embedder.EclipseLogger - Using platform encoding (Cp1252 actually) to copy filtered resources, i.e. build is platform dependent!
2016-10-19 23:49:06,140 [Worker-59] INFO  o.e.m.c.i.embedder.EclipseLogger - Copying 0 resource
2016-10-19 23:49:08,370 [Worker-60] WARN  o.e.m.c.i.embedder.EclipseLogger - Using platform encoding (Cp1252 actually) to copy filtered resources, i.e. build is platform dependent!
2016-10-19 23:49:08,452 [Worker-60] INFO  o.e.m.c.i.embedder.EclipseLogger - Copying 0 resource
2016-10-19 23:49:08,473 [Worker-60] WARN  o.e.m.c.i.embedder.EclipseLogger - Using platform encoding (Cp1252 actually) to copy filtered resources, i.e. build is platform dependent!
2016-10-19 23:49:08,529 [Worker-60] INFO  o.e.m.c.i.embedder.EclipseLogger - Copying 0 resource
2016-10-19 23:49:46,086 [Worker-61] INFO  o.e.m.c.i.l.LifecycleMappingFactory - Using org.eclipse.m2e.jdt.JarLifecycleMapping lifecycle mapping for MavenProject: br.ic.ufal:Software-Testing:0.0.1-SNAPSHOT @ C:\Users\Eduardo\workspace\Software-Testing\Software-Testing\pom.xml.
2016-10-19 23:49:47,713 [Worker-61] WARN  o.e.m.c.i.embedder.EclipseLogger - Using platform encoding (Cp1252 actually) to copy filtered resources, i.e. build is platform dependent!
2016-10-19 23:49:47,780 [Worker-61] INFO  o.e.m.c.i.embedder.EclipseLogger - Copying 0 resource
2016-10-19 23:49:47,819 [Worker-61] WARN  o.e.m.c.i.embedder.EclipseLogger - Using platform encoding (Cp1252 actually) to copy filtered resources, i.e. build is platform dependent!
2016-10-19 23:49:47,874 [Worker-61] INFO  o.e.m.c.i.embedder.EclipseLogger - Copying 0 resource
2016-10-19 23:49:51,041 [Worker-59] WARN  o.e.m.c.i.embedder.EclipseLogger - Using platform encoding (Cp1252 actually) to copy filtered resources, i.e. build is platform dependent!
2016-10-19 23:49:51,075 [Worker-59] INFO  o.e.m.c.i.embedder.EclipseLogger - Copying 0 resource
2016-10-19 23:49:51,091 [Worker-59] WARN  o.e.m.c.i.embedder.EclipseLogger - Using platform encoding (Cp1252 actually) to copy filtered resources, i.e. build is platform dependent!
2016-10-19 23:49:51,123 [Worker-59] INFO  o.e.m.c.i.embedder.EclipseLogger - Copying 0 resource
2016-10-19 23:52:18,976 [Worker-54] INFO  o.e.m.c.i.p.ProjectConfigurationManager - Update started
2016-10-19 23:52:24,890 [Worker-54] INFO  o.e.m.c.i.l.LifecycleMappingFactory - Using org.eclipse.m2e.jdt.JarLifecycleMapping lifecycle mapping for MavenProject: br.ic.ufal:Software-Testing:0.0.1-SNAPSHOT @ C:\Users\Eduardo\workspace\Software-Testing\Software-Testing\pom.xml.
2016-10-19 23:52:26,769 [Worker-54] INFO  o.e.m.j.i.AbstractJavaProjectConfigurator - Adding source folder /Software-Testing/src/main/java
2016-10-19 23:52:26,805 [Worker-54] INFO  o.e.m.j.i.AbstractJavaProjectConfigurator - Adding resource folder /Software-Testing/src/main/resources
2016-10-19 23:52:26,844 [Worker-54] INFO  o.e.m.j.i.AbstractJavaProjectConfigurator - Adding source folder /Software-Testing/src/test/java
2016-10-19 23:52:26,856 [Worker-54] INFO  o.e.m.j.i.AbstractJavaProjectConfigurator - Adding resource folder /Software-Testing/src/test/resources
2016-10-19 23:52:27,458 [Worker-54] INFO  o.e.m.c.i.p.ProjectConfigurationManager - Update completed: 8 sec
2016-10-19 23:52:29,262 [Worker-54] WARN  o.e.m.c.i.embedder.EclipseLogger - Using platform encoding (Cp1252 actually) to copy filtered resources, i.e. build is platform dependent!
2016-10-19 23:52:29,313 [Worker-54] INFO  o.e.m.c.i.embedder.EclipseLogger - Copying 0 resource
2016-10-19 23:52:29,342 [Worker-54] WARN  o.e.m.c.i.embedder.EclipseLogger - Using platform encoding (Cp1252 actually) to copy filtered resources, i.e. build is platform dependent!
2016-10-19 23:52:29,395 [Worker-54] INFO  o.e.m.c.i.embedder.EclipseLogger - Copying 0 resource
2016-10-19 23:55:49,184 [Worker-68] WARN  o.e.m.c.i.embedder.EclipseLogger - Using platform encoding (Cp1252 actually) to copy filtered resources, i.e. build is platform dependent!
2016-10-19 23:55:49,209 [Worker-68] INFO  o.e.m.c.i.embedder.EclipseLogger - Copying 0 resource
2016-10-19 23:55:49,226 [Worker-68] WARN  o.e.m.c.i.embedder.EclipseLogger - Using platform encoding (Cp1252 actually) to copy filtered resources, i.e. build is platform dependent!
2016-10-19 23:55:49,249 [Worker-68] INFO  o.e.m.c.i.embedder.EclipseLogger - Copying 0 resource
2016-10-19 23:57:00,300 [Worker-54] WARN  o.e.m.c.i.embedder.EclipseLogger - Using platform encoding (Cp1252 actually) to copy filtered resources, i.e. build is platform dependent!
2016-10-19 23:57:00,332 [Worker-54] INFO  o.e.m.c.i.embedder.EclipseLogger - Copying 0 resource
2016-10-19 23:57:00,346 [Worker-54] WARN  o.e.m.c.i.embedder.EclipseLogger - Using platform encoding (Cp1252 actually) to copy filtered resources, i.e. build is platform dependent!
2016-10-19 23:57:00,373 [Worker-54] INFO  o.e.m.c.i.embedder.EclipseLogger - Copying 0 resource
2016-10-19 23:57:01,693 [Worker-75] WARN  o.e.m.c.i.embedder.EclipseLogger - Using platform encoding (Cp1252 actually) to copy filtered resources, i.e. build is platform dependent!
2016-10-19 23:57:01,730 [Worker-75] INFO  o.e.m.c.i.embedder.EclipseLogger - Copying 0 resource
2016-10-19 23:57:01,744 [Worker-75] WARN  o.e.m.c.i.embedder.EclipseLogger - Using platform encoding (Cp1252 actually) to copy filtered resources, i.e. build is platform dependent!
2016-10-19 23:57:01,777 [Worker-75] INFO  o.e.m.c.i.embedder.EclipseLogger - Copying 0 resource
2016-10-19 23:57:37,631 [Worker-72] WARN  o.e.m.c.i.embedder.EclipseLogger - Using platform encoding (Cp1252 actually) to copy filtered resources, i.e. build is platform dependent!
2016-10-19 23:57:37,825 [Worker-72] INFO  o.e.m.c.i.embedder.EclipseLogger - Copying 0 resource
2016-10-19 23:57:37,851 [Worker-72] WARN  o.e.m.c.i.embedder.EclipseLogger - Using platform encoding (Cp1252 actually) to copy filtered resources, i.e. build is platform dependent!
2016-10-19 23:57:37,884 [Worker-72] INFO  o.e.m.c.i.embedder.EclipseLogger - Copying 0 resource
2016-10-19 23:59:25,374 [Worker-73] WARN  o.e.m.c.i.embedder.EclipseLogger - Using platform encoding (Cp1252 actually) to copy filtered resources, i.e. build is platform dependent!
2016-10-19 23:59:25,395 [Worker-73] INFO  o.e.m.c.i.embedder.EclipseLogger - Copying 0 resource
2016-10-19 23:59:25,410 [Worker-73] WARN  o.e.m.c.i.embedder.EclipseLogger - Using platform encoding (Cp1252 actually) to copy filtered resources, i.e. build is platform dependent!
2016-10-19 23:59:25,437 [Worker-73] INFO  o.e.m.c.i.embedder.EclipseLogger - Copying 0 resource
2016-10-20 00:22:28,758 [Worker-78] WARN  o.e.m.c.i.embedder.EclipseLogger - Using platform encoding (Cp1252 actually) to copy filtered resources, i.e. build is platform dependent!
2016-10-20 00:22:28,818 [Worker-78] INFO  o.e.m.c.i.embedder.EclipseLogger - Copying 0 resource
2016-10-20 00:22:28,885 [Worker-78] WARN  o.e.m.c.i.embedder.EclipseLogger - Using platform encoding (Cp1252 actually) to copy filtered resources, i.e. build is platform dependent!
2016-10-20 00:22:28,947 [Worker-78] INFO  o.e.m.c.i.embedder.EclipseLogger - Copying 0 resource
2016-10-20 00:24:35,716 [Worker-82] WARN  o.e.m.c.i.embedder.EclipseLogger - Using platform encoding (Cp1252 actually) to copy filtered resources, i.e. build is platform dependent!
2016-10-20 00:24:35,855 [Worker-82] INFO  o.e.m.c.i.embedder.EclipseLogger - Copying 0 resource
2016-10-20 00:24:35,908 [Worker-82] WARN  o.e.m.c.i.embedder.EclipseLogger - Using platform encoding (Cp1252 actually) to copy filtered resources, i.e. build is platform dependent!
2016-10-20 00:24:36,036 [Worker-82] INFO  o.e.m.c.i.embedder.EclipseLogger - Copying 0 resource
2016-10-20 00:27:10,604 [Worker-78] WARN  o.e.m.c.i.embedder.EclipseLogger - Using platform encoding (Cp1252 actually) to copy filtered resources, i.e. build is platform dependent!
2016-10-20 00:27:10,675 [Worker-78] INFO  o.e.m.c.i.embedder.EclipseLogger - Copying 0 resource
2016-10-20 00:27:10,705 [Worker-78] WARN  o.e.m.c.i.embedder.EclipseLogger - Using platform encoding (Cp1252 actually) to copy filtered resources, i.e. build is platform dependent!
2016-10-20 00:27:10,770 [Worker-78] INFO  o.e.m.c.i.embedder.EclipseLogger - Copying 0 resource
2016-10-20 00:27:56,635 [Worker-86] WARN  o.e.m.c.i.embedder.EclipseLogger - Using platform encoding (Cp1252 actually) to copy filtered resources, i.e. build is platform dependent!
2016-10-20 00:27:56,688 [Worker-86] INFO  o.e.m.c.i.embedder.EclipseLogger - Copying 0 resource
2016-10-20 00:27:56,735 [Worker-86] WARN  o.e.m.c.i.embedder.EclipseLogger - Using platform encoding (Cp1252 actually) to copy filtered resources, i.e. build is platform dependent!
2016-10-20 00:27:56,811 [Worker-86] INFO  o.e.m.c.i.embedder.EclipseLogger - Copying 0 resource
2016-10-20 00:30:05,062 [Worker-88] WARN  o.e.m.c.i.embedder.EclipseLogger - Using platform encoding (Cp1252 actually) to copy filtered resources, i.e. build is platform dependent!
2016-10-20 00:30:05,100 [Worker-88] INFO  o.e.m.c.i.embedder.EclipseLogger - Copying 0 resource
2016-10-20 00:30:05,122 [Worker-88] WARN  o.e.m.c.i.embedder.EclipseLogger - Using platform encoding (Cp1252 actually) to copy filtered resources, i.e. build is platform dependent!
2016-10-20 00:30:05,181 [Worker-88] INFO  o.e.m.c.i.embedder.EclipseLogger - Copying 0 resource
2016-10-20 00:30:16,557 [Worker-80] WARN  o.e.m.c.i.embedder.EclipseLogger - Using platform encoding (Cp1252 actually) to copy filtered resources, i.e. build is platform dependent!
2016-10-20 00:30:16,604 [Worker-80] INFO  o.e.m.c.i.embedder.EclipseLogger - Copying 0 resource
2016-10-20 00:30:16,638 [Worker-80] WARN  o.e.m.c.i.embedder.EclipseLogger - Using platform encoding (Cp1252 actually) to copy filtered resources, i.e. build is platform dependent!
2016-10-20 00:30:16,692 [Worker-80] INFO  o.e.m.c.i.embedder.EclipseLogger - Copying 0 resource
2016-10-20 00:30:19,991 [Worker-86] WARN  o.e.m.c.i.embedder.EclipseLogger - Using platform encoding (Cp1252 actually) to copy filtered resources, i.e. build is platform dependent!
2016-10-20 00:30:20,042 [Worker-86] INFO  o.e.m.c.i.embedder.EclipseLogger - Copying 0 resource
2016-10-20 00:30:20,065 [Worker-86] WARN  o.e.m.c.i.embedder.EclipseLogger - Using platform encoding (Cp1252 actually) to copy filtered resources, i.e. build is platform dependent!
2016-10-20 00:30:20,129 [Worker-86] INFO  o.e.m.c.i.embedder.EclipseLogger - Copying 0 resource
2016-10-20 00:30:40,082 [Worker-87] WARN  o.e.m.c.i.embedder.EclipseLogger - Using platform encoding (Cp1252 actually) to copy filtered resources, i.e. build is platform dependent!
2016-10-20 00:30:40,123 [Worker-87] INFO  o.e.m.c.i.embedder.EclipseLogger - Copying 0 resource
2016-10-20 00:30:40,138 [Worker-87] WARN  o.e.m.c.i.embedder.EclipseLogger - Using platform encoding (Cp1252 actually) to copy filtered resources, i.e. build is platform dependent!
2016-10-20 00:30:40,165 [Worker-87] INFO  o.e.m.c.i.embedder.EclipseLogger - Copying 0 resource
2016-10-20 00:30:49,787 [Worker-88] WARN  o.e.m.c.i.embedder.EclipseLogger - Using platform encoding (Cp1252 actually) to copy filtered resources, i.e. build is platform dependent!
2016-10-20 00:30:49,844 [Worker-88] INFO  o.e.m.c.i.embedder.EclipseLogger - Copying 0 resource
2016-10-20 00:30:49,936 [Worker-88] WARN  o.e.m.c.i.embedder.EclipseLogger - Using platform encoding (Cp1252 actually) to copy filtered resources, i.e. build is platform dependent!
2016-10-20 00:30:49,969 [Worker-88] INFO  o.e.m.c.i.embedder.EclipseLogger - Copying 0 resource
2016-10-20 00:31:25,274 [Worker-88] WARN  o.e.m.c.i.embedder.EclipseLogger - Using platform encoding (Cp1252 actually) to copy filtered resources, i.e. build is platform dependent!
2016-10-20 00:31:25,357 [Worker-88] INFO  o.e.m.c.i.embedder.EclipseLogger - Copying 0 resource
2016-10-20 00:31:25,402 [Worker-88] WARN  o.e.m.c.i.embedder.EclipseLogger - Using platform encoding (Cp1252 actually) to copy filtered resources, i.e. build is platform dependent!
2016-10-20 00:31:25,504 [Worker-88] INFO  o.e.m.c.i.embedder.EclipseLogger - Copying 0 resource
2016-10-20 00:31:53,756 [Worker-85] WARN  o.e.m.c.i.embedder.EclipseLogger - Using platform encoding (Cp1252 actually) to copy filtered resources, i.e. build is platform dependent!
2016-10-20 00:31:53,845 [Worker-85] INFO  o.e.m.c.i.embedder.EclipseLogger - Copying 0 resource
2016-10-20 00:31:53,865 [Worker-85] WARN  o.e.m.c.i.embedder.EclipseLogger - Using platform encoding (Cp1252 actually) to copy filtered resources, i.e. build is platform dependent!
2016-10-20 00:31:53,902 [Worker-85] INFO  o.e.m.c.i.embedder.EclipseLogger - Copying 0 resource
2016-10-20 00:32:57,127 [Worker-84] WARN  o.e.m.c.i.embedder.EclipseLogger - Using platform encoding (Cp1252 actually) to copy filtered resources, i.e. build is platform dependent!
2016-10-20 00:32:57,204 [Worker-84] INFO  o.e.m.c.i.embedder.EclipseLogger - Copying 0 resource
2016-10-20 00:32:57,223 [Worker-84] WARN  o.e.m.c.i.embedder.EclipseLogger - Using platform encoding (Cp1252 actually) to copy filtered resources, i.e. build is platform dependent!
2016-10-20 00:32:57,299 [Worker-84] INFO  o.e.m.c.i.embedder.EclipseLogger - Copying 0 resource
2016-10-20 00:33:30,650 [Worker-85] WARN  o.e.m.c.i.embedder.EclipseLogger - Using platform encoding (Cp1252 actually) to copy filtered resources, i.e. build is platform dependent!
2016-10-20 00:33:30,694 [Worker-85] INFO  o.e.m.c.i.embedder.EclipseLogger - Copying 0 resource
2016-10-20 00:33:30,712 [Worker-85] WARN  o.e.m.c.i.embedder.EclipseLogger - Using platform encoding (Cp1252 actually) to copy filtered resources, i.e. build is platform dependent!
2016-10-20 00:33:30,743 [Worker-85] INFO  o.e.m.c.i.embedder.EclipseLogger - Copying 0 resource
2016-10-20 00:34:00,159 [Worker-87] WARN  o.e.m.c.i.embedder.EclipseLogger - Using platform encoding (Cp1252 actually) to copy filtered resources, i.e. build is platform dependent!
2016-10-20 00:34:00,199 [Worker-87] INFO  o.e.m.c.i.embedder.EclipseLogger - Copying 0 resource
2016-10-20 00:34:00,216 [Worker-87] WARN  o.e.m.c.i.embedder.EclipseLogger - Using platform encoding (Cp1252 actually) to copy filtered resources, i.e. build is platform dependent!
2016-10-20 00:34:00,245 [Worker-87] INFO  o.e.m.c.i.embedder.EclipseLogger - Copying 0 resource
2016-10-20 00:35:51,297 [Worker-80] WARN  o.e.m.c.i.embedder.EclipseLogger - Using platform encoding (Cp1252 actually) to copy filtered resources, i.e. build is platform dependent!
2016-10-20 00:35:51,325 [Worker-80] INFO  o.e.m.c.i.embedder.EclipseLogger - Copying 0 resource
2016-10-20 00:35:51,343 [Worker-80] WARN  o.e.m.c.i.embedder.EclipseLogger - Using platform encoding (Cp1252 actually) to copy filtered resources, i.e. build is platform dependent!
2016-10-20 00:35:51,385 [Worker-80] INFO  o.e.m.c.i.embedder.EclipseLogger - Copying 0 resource
2016-10-20 00:40:41,156 [Worker-94] WARN  o.e.m.c.i.embedder.EclipseLogger - Using platform encoding (Cp1252 actually) to copy filtered resources, i.e. build is platform dependent!
2016-10-20 00:40:41,206 [Worker-94] INFO  o.e.m.c.i.embedder.EclipseLogger - Copying 0 resource
2016-10-20 00:40:41,229 [Worker-94] WARN  o.e.m.c.i.embedder.EclipseLogger - Using platform encoding (Cp1252 actually) to copy filtered resources, i.e. build is platform dependent!
2016-10-20 00:40:41,271 [Worker-94] INFO  o.e.m.c.i.embedder.EclipseLogger - Copying 0 resource
2016-10-20 00:40:56,429 [Worker-94] WARN  o.e.m.c.i.embedder.EclipseLogger - Using platform encoding (Cp1252 actually) to copy filtered resources, i.e. build is platform dependent!
2016-10-20 00:40:56,482 [Worker-94] INFO  o.e.m.c.i.embedder.EclipseLogger - Copying 0 resource
2016-10-20 00:40:56,497 [Worker-94] WARN  o.e.m.c.i.embedder.EclipseLogger - Using platform encoding (Cp1252 actually) to copy filtered resources, i.e. build is platform dependent!
2016-10-20 00:40:56,527 [Worker-94] INFO  o.e.m.c.i.embedder.EclipseLogger - Copying 0 resource
2016-10-20 00:41:12,979 [Worker-93] WARN  o.e.m.c.i.embedder.EclipseLogger - Using platform encoding (Cp1252 actually) to copy filtered resources, i.e. build is platform dependent!
2016-10-20 00:41:13,105 [Worker-93] INFO  o.e.m.c.i.embedder.EclipseLogger - Copying 0 resource
2016-10-20 00:41:13,133 [Worker-93] WARN  o.e.m.c.i.embedder.EclipseLogger - Using platform encoding (Cp1252 actually) to copy filtered resources, i.e. build is platform dependent!
2016-10-20 00:41:13,186 [Worker-93] INFO  o.e.m.c.i.embedder.EclipseLogger - Copying 0 resource
2016-10-20 01:31:23,560 [Worker-101] WARN  o.e.m.c.i.embedder.EclipseLogger - Using platform encoding (Cp1252 actually) to copy filtered resources, i.e. build is platform dependent!
2016-10-20 01:31:23,587 [Worker-101] INFO  o.e.m.c.i.embedder.EclipseLogger - Copying 0 resource
2016-10-20 01:31:23,604 [Worker-101] WARN  o.e.m.c.i.embedder.EclipseLogger - Using platform encoding (Cp1252 actually) to copy filtered resources, i.e. build is platform dependent!
2016-10-20 01:31:23,633 [Worker-101] INFO  o.e.m.c.i.embedder.EclipseLogger - Copying 0 resource
2016-10-20 01:59:58,100 [Worker-112] WARN  o.e.m.c.i.embedder.EclipseLogger - Using platform encoding (Cp1252 actually) to copy filtered resources, i.e. build is platform dependent!
2016-10-20 01:59:58,229 [Worker-112] INFO  o.e.m.c.i.embedder.EclipseLogger - Copying 0 resource
2016-10-20 01:59:58,264 [Worker-112] WARN  o.e.m.c.i.embedder.EclipseLogger - Using platform encoding (Cp1252 actually) to copy filtered resources, i.e. build is platform dependent!
2016-10-20 01:59:58,327 [Worker-112] INFO  o.e.m.c.i.embedder.EclipseLogger - Copying 0 resource
2016-10-20 02:00:06,059 [Worker-115] WARN  o.e.m.c.i.embedder.EclipseLogger - Using platform encoding (Cp1252 actually) to copy filtered resources, i.e. build is platform dependent!
2016-10-20 02:00:06,168 [Worker-115] INFO  o.e.m.c.i.embedder.EclipseLogger - Copying 0 resource
2016-10-20 02:00:06,193 [Worker-115] WARN  o.e.m.c.i.embedder.EclipseLogger - Using platform encoding (Cp1252 actually) to copy filtered resources, i.e. build is platform dependent!
2016-10-20 02:00:06,264 [Worker-115] INFO  o.e.m.c.i.embedder.EclipseLogger - Copying 0 resource
2016-10-20 02:17:19,491 [Worker-123] WARN  o.e.m.c.i.embedder.EclipseLogger - Using platform encoding (Cp1252 actually) to copy filtered resources, i.e. build is platform dependent!
2016-10-20 02:17:19,519 [Worker-123] INFO  o.e.m.c.i.embedder.EclipseLogger - Copying 0 resource
2016-10-20 02:17:19,537 [Worker-123] WARN  o.e.m.c.i.embedder.EclipseLogger - Using platform encoding (Cp1252 actually) to copy filtered resources, i.e. build is platform dependent!
2016-10-20 02:17:19,574 [Worker-123] INFO  o.e.m.c.i.embedder.EclipseLogger - Copying 0 resource
2016-10-20 02:17:32,613 [Worker-126] WARN  o.e.m.c.i.embedder.EclipseLogger - Using platform encoding (Cp1252 actually) to copy filtered resources, i.e. build is platform dependent!
2016-10-20 02:17:32,657 [Worker-126] INFO  o.e.m.c.i.embedder.EclipseLogger - Copying 0 resource
2016-10-20 02:17:32,671 [Worker-126] WARN  o.e.m.c.i.embedder.EclipseLogger - Using platform encoding (Cp1252 actually) to copy filtered resources, i.e. build is platform dependent!
2016-10-20 02:17:32,699 [Worker-126] INFO  o.e.m.c.i.embedder.EclipseLogger - Copying 0 resource
2016-10-20 02:18:56,717 [Worker-125] WARN  o.e.m.c.i.embedder.EclipseLogger - Using platform encoding (Cp1252 actually) to copy filtered resources, i.e. build is platform dependent!
2016-10-20 02:18:56,767 [Worker-125] INFO  o.e.m.c.i.embedder.EclipseLogger - Copying 0 resource
2016-10-20 02:18:56,783 [Worker-125] WARN  o.e.m.c.i.embedder.EclipseLogger - Using platform encoding (Cp1252 actually) to copy filtered resources, i.e. build is platform dependent!
2016-10-20 02:18:56,813 [Worker-125] INFO  o.e.m.c.i.embedder.EclipseLogger - Copying 0 resource
2016-10-20 02:20:16,846 [Worker-124] WARN  o.e.m.c.i.embedder.EclipseLogger - Using platform encoding (Cp1252 actually) to copy filtered resources, i.e. build is platform dependent!
2016-10-20 02:20:16,886 [Worker-124] INFO  o.e.m.c.i.embedder.EclipseLogger - Copying 0 resource
2016-10-20 02:20:16,915 [Worker-124] WARN  o.e.m.c.i.embedder.EclipseLogger - Using platform encoding (Cp1252 actually) to copy filtered resources, i.e. build is platform dependent!
2016-10-20 02:20:16,990 [Worker-124] INFO  o.e.m.c.i.embedder.EclipseLogger - Copying 0 resource
2016-10-20 02:21:23,453 [Worker-124] WARN  o.e.m.c.i.embedder.EclipseLogger - Using platform encoding (Cp1252 actually) to copy filtered resources, i.e. build is platform dependent!
2016-10-20 02:21:23,506 [Worker-124] INFO  o.e.m.c.i.embedder.EclipseLogger - Copying 0 resource
2016-10-20 02:21:23,539 [Worker-124] WARN  o.e.m.c.i.embedder.EclipseLogger - Using platform encoding (Cp1252 actually) to copy filtered resources, i.e. build is platform dependent!
2016-10-20 02:21:23,601 [Worker-124] INFO  o.e.m.c.i.embedder.EclipseLogger - Copying 0 resource
2016-10-20 02:21:45,816 [Worker-122] WARN  o.e.m.c.i.embedder.EclipseLogger - Using platform encoding (Cp1252 actually) to copy filtered resources, i.e. build is platform dependent!
2016-10-20 02:21:45,856 [Worker-122] INFO  o.e.m.c.i.embedder.EclipseLogger - Copying 0 resource
2016-10-20 02:21:45,869 [Worker-122] WARN  o.e.m.c.i.embedder.EclipseLogger - Using platform encoding (Cp1252 actually) to copy filtered resources, i.e. build is platform dependent!
2016-10-20 02:21:45,894 [Worker-122] INFO  o.e.m.c.i.embedder.EclipseLogger - Copying 0 resource
2016-10-20 02:23:53,437 [Worker-128] WARN  o.e.m.c.i.embedder.EclipseLogger - Using platform encoding (Cp1252 actually) to copy filtered resources, i.e. build is platform dependent!
2016-10-20 02:23:53,550 [Worker-128] INFO  o.e.m.c.i.embedder.EclipseLogger - Copying 0 resource
2016-10-20 02:23:53,565 [Worker-128] WARN  o.e.m.c.i.embedder.EclipseLogger - Using platform encoding (Cp1252 actually) to copy filtered resources, i.e. build is platform dependent!
2016-10-20 02:23:53,587 [Worker-128] INFO  o.e.m.c.i.embedder.EclipseLogger - Copying 0 resource
2016-10-20 02:26:37,611 [Worker-130] WARN  o.e.m.c.i.embedder.EclipseLogger - Using platform encoding (Cp1252 actually) to copy filtered resources, i.e. build is platform dependent!
2016-10-20 02:26:37,650 [Worker-130] INFO  o.e.m.c.i.embedder.EclipseLogger - Copying 0 resource
2016-10-20 02:26:37,671 [Worker-130] WARN  o.e.m.c.i.embedder.EclipseLogger - Using platform encoding (Cp1252 actually) to copy filtered resources, i.e. build is platform dependent!
2016-10-20 02:26:37,713 [Worker-130] INFO  o.e.m.c.i.embedder.EclipseLogger - Copying 0 resource
2016-10-20 02:27:45,826 [Worker-129] WARN  o.e.m.c.i.embedder.EclipseLogger - Using platform encoding (Cp1252 actually) to copy filtered resources, i.e. build is platform dependent!
2016-10-20 02:27:45,859 [Worker-129] INFO  o.e.m.c.i.embedder.EclipseLogger - Copying 0 resource
2016-10-20 02:27:45,872 [Worker-129] WARN  o.e.m.c.i.embedder.EclipseLogger - Using platform encoding (Cp1252 actually) to copy filtered resources, i.e. build is platform dependent!
2016-10-20 02:27:45,898 [Worker-129] INFO  o.e.m.c.i.embedder.EclipseLogger - Copying 0 resource
2016-10-20 02:28:08,237 [Worker-130] WARN  o.e.m.c.i.embedder.EclipseLogger - Using platform encoding (Cp1252 actually) to copy filtered resources, i.e. build is platform dependent!
2016-10-20 02:28:08,280 [Worker-130] INFO  o.e.m.c.i.embedder.EclipseLogger - Copying 0 resource
2016-10-20 02:28:08,294 [Worker-130] WARN  o.e.m.c.i.embedder.EclipseLogger - Using platform encoding (Cp1252 actually) to copy filtered resources, i.e. build is platform dependent!
2016-10-20 02:28:08,325 [Worker-130] INFO  o.e.m.c.i.embedder.EclipseLogger - Copying 0 resource
2016-10-20 02:29:38,257 [Worker-132] WARN  o.e.m.c.i.embedder.EclipseLogger - Using platform encoding (Cp1252 actually) to copy filtered resources, i.e. build is platform dependent!
2016-10-20 02:29:38,380 [Worker-132] INFO  o.e.m.c.i.embedder.EclipseLogger - Copying 0 resource
2016-10-20 02:29:38,410 [Worker-132] WARN  o.e.m.c.i.embedder.EclipseLogger - Using platform encoding (Cp1252 actually) to copy filtered resources, i.e. build is platform dependent!
2016-10-20 02:29:38,470 [Worker-132] INFO  o.e.m.c.i.embedder.EclipseLogger - Copying 0 resource
2016-10-20 02:31:53,786 [Worker-134] WARN  o.e.m.c.i.embedder.EclipseLogger - Using platform encoding (Cp1252 actually) to copy filtered resources, i.e. build is platform dependent!
2016-10-20 02:31:53,803 [Worker-134] INFO  o.e.m.c.i.embedder.EclipseLogger - Copying 0 resource
2016-10-20 02:31:53,819 [Worker-134] WARN  o.e.m.c.i.embedder.EclipseLogger - Using platform encoding (Cp1252 actually) to copy filtered resources, i.e. build is platform dependent!
2016-10-20 02:31:53,845 [Worker-134] INFO  o.e.m.c.i.embedder.EclipseLogger - Copying 0 resource
2016-10-20 02:41:00,996 [Worker-127] WARN  o.e.m.c.i.embedder.EclipseLogger - Using platform encoding (Cp1252 actually) to copy filtered resources, i.e. build is platform dependent!
2016-10-20 02:41:01,025 [Worker-127] INFO  o.e.m.c.i.embedder.EclipseLogger - Copying 0 resource
2016-10-20 02:41:01,045 [Worker-127] WARN  o.e.m.c.i.embedder.EclipseLogger - Using platform encoding (Cp1252 actually) to copy filtered resources, i.e. build is platform dependent!
2016-10-20 02:41:01,081 [Worker-127] INFO  o.e.m.c.i.embedder.EclipseLogger - Copying 0 resource
2016-10-20 02:41:08,231 [Worker-141] WARN  o.e.m.c.i.embedder.EclipseLogger - Using platform encoding (Cp1252 actually) to copy filtered resources, i.e. build is platform dependent!
2016-10-20 02:41:08,302 [Worker-141] INFO  o.e.m.c.i.embedder.EclipseLogger - Copying 0 resource
2016-10-20 02:41:08,321 [Worker-141] WARN  o.e.m.c.i.embedder.EclipseLogger - Using platform encoding (Cp1252 actually) to copy filtered resources, i.e. build is platform dependent!
2016-10-20 02:41:08,368 [Worker-141] INFO  o.e.m.c.i.embedder.EclipseLogger - Copying 0 resource
2016-10-20 02:41:31,691 [Worker-140] WARN  o.e.m.c.i.embedder.EclipseLogger - Using platform encoding (Cp1252 actually) to copy filtered resources, i.e. build is platform dependent!
2016-10-20 02:41:31,718 [Worker-140] INFO  o.e.m.c.i.embedder.EclipseLogger - Copying 0 resource
2016-10-20 02:41:31,738 [Worker-140] WARN  o.e.m.c.i.embedder.EclipseLogger - Using platform encoding (Cp1252 actually) to copy filtered resources, i.e. build is platform dependent!
2016-10-20 02:41:31,762 [Worker-140] INFO  o.e.m.c.i.embedder.EclipseLogger - Copying 0 resource
2016-10-20 02:44:44,174 [Worker-127] WARN  o.e.m.c.i.embedder.EclipseLogger - Using platform encoding (Cp1252 actually) to copy filtered resources, i.e. build is platform dependent!
2016-10-20 02:44:44,244 [Worker-127] INFO  o.e.m.c.i.embedder.EclipseLogger - Copying 0 resource
2016-10-20 02:44:44,270 [Worker-127] WARN  o.e.m.c.i.embedder.EclipseLogger - Using platform encoding (Cp1252 actually) to copy filtered resources, i.e. build is platform dependent!
2016-10-20 02:44:44,331 [Worker-127] INFO  o.e.m.c.i.embedder.EclipseLogger - Copying 0 resource
2016-10-20 02:48:29,209 [Worker-146] WARN  o.e.m.c.i.embedder.EclipseLogger - Using platform encoding (Cp1252 actually) to copy filtered resources, i.e. build is platform dependent!
2016-10-20 02:48:29,228 [Worker-146] INFO  o.e.m.c.i.embedder.EclipseLogger - Copying 0 resource
2016-10-20 02:48:29,243 [Worker-146] WARN  o.e.m.c.i.embedder.EclipseLogger - Using platform encoding (Cp1252 actually) to copy filtered resources, i.e. build is platform dependent!
2016-10-20 02:48:29,274 [Worker-146] INFO  o.e.m.c.i.embedder.EclipseLogger - Copying 0 resource
2016-10-20 02:53:06,814 [Worker-144] WARN  o.e.m.c.i.embedder.EclipseLogger - Using platform encoding (Cp1252 actually) to copy filtered resources, i.e. build is platform dependent!
2016-10-20 02:53:06,846 [Worker-144] INFO  o.e.m.c.i.embedder.EclipseLogger - Copying 0 resource
2016-10-20 02:53:06,871 [Worker-144] WARN  o.e.m.c.i.embedder.EclipseLogger - Using platform encoding (Cp1252 actually) to copy filtered resources, i.e. build is platform dependent!
2016-10-20 02:53:06,910 [Worker-144] INFO  o.e.m.c.i.embedder.EclipseLogger - Copying 0 resource
2016-10-20 02:53:29,531 [Worker-148] WARN  o.e.m.c.i.embedder.EclipseLogger - Using platform encoding (Cp1252 actually) to copy filtered resources, i.e. build is platform dependent!
2016-10-20 02:53:29,580 [Worker-148] INFO  o.e.m.c.i.embedder.EclipseLogger - Copying 0 resource
2016-10-20 02:53:29,597 [Worker-148] WARN  o.e.m.c.i.embedder.EclipseLogger - Using platform encoding (Cp1252 actually) to copy filtered resources, i.e. build is platform dependent!
2016-10-20 02:53:29,630 [Worker-148] INFO  o.e.m.c.i.embedder.EclipseLogger - Copying 0 resource
2016-10-20 02:53:53,359 [Worker-148] WARN  o.e.m.c.i.embedder.EclipseLogger - Using platform encoding (Cp1252 actually) to copy filtered resources, i.e. build is platform dependent!
2016-10-20 02:53:53,398 [Worker-148] INFO  o.e.m.c.i.embedder.EclipseLogger - Copying 0 resource
2016-10-20 02:53:53,417 [Worker-148] WARN  o.e.m.c.i.embedder.EclipseLogger - Using platform encoding (Cp1252 actually) to copy filtered resources, i.e. build is platform dependent!
2016-10-20 02:53:53,453 [Worker-148] INFO  o.e.m.c.i.embedder.EclipseLogger - Copying 0 resource
2016-10-20 02:54:41,694 [Worker-145] WARN  o.e.m.c.i.embedder.EclipseLogger - Using platform encoding (Cp1252 actually) to copy filtered resources, i.e. build is platform dependent!
2016-10-20 02:54:41,725 [Worker-145] INFO  o.e.m.c.i.embedder.EclipseLogger - Copying 0 resource
2016-10-20 02:54:41,742 [Worker-145] WARN  o.e.m.c.i.embedder.EclipseLogger - Using platform encoding (Cp1252 actually) to copy filtered resources, i.e. build is platform dependent!
2016-10-20 02:54:41,771 [Worker-145] INFO  o.e.m.c.i.embedder.EclipseLogger - Copying 0 resource
2016-10-20 02:58:15,565 [Worker-147] WARN  o.e.m.c.i.embedder.EclipseLogger - Using platform encoding (Cp1252 actually) to copy filtered resources, i.e. build is platform dependent!
2016-10-20 02:58:15,595 [Worker-147] INFO  o.e.m.c.i.embedder.EclipseLogger - Copying 0 resource
2016-10-20 02:58:15,622 [Worker-147] WARN  o.e.m.c.i.embedder.EclipseLogger - Using platform encoding (Cp1252 actually) to copy filtered resources, i.e. build is platform dependent!
2016-10-20 02:58:15,655 [Worker-147] INFO  o.e.m.c.i.embedder.EclipseLogger - Copying 0 resource
2016-10-20 09:16:46,554 [Worker-145] WARN  o.e.m.c.i.embedder.EclipseLogger - Using platform encoding (Cp1252 actually) to copy filtered resources, i.e. build is platform dependent!
2016-10-20 09:16:46,613 [Worker-145] INFO  o.e.m.c.i.embedder.EclipseLogger - Copying 0 resource
2016-10-20 09:16:46,655 [Worker-145] WARN  o.e.m.c.i.embedder.EclipseLogger - Using platform encoding (Cp1252 actually) to copy filtered resources, i.e. build is platform dependent!
2016-10-20 09:16:46,758 [Worker-145] INFO  o.e.m.c.i.embedder.EclipseLogger - Copying 0 resource
2016-10-20 09:17:08,986 [Worker-136] WARN  o.e.m.c.i.embedder.EclipseLogger - Using platform encoding (Cp1252 actually) to copy filtered resources, i.e. build is platform dependent!
2016-10-20 09:17:09,019 [Worker-136] INFO  o.e.m.c.i.embedder.EclipseLogger - Copying 0 resource
2016-10-20 09:17:09,036 [Worker-136] WARN  o.e.m.c.i.embedder.EclipseLogger - Using platform encoding (Cp1252 actually) to copy filtered resources, i.e. build is platform dependent!
2016-10-20 09:17:09,072 [Worker-136] INFO  o.e.m.c.i.embedder.EclipseLogger - Copying 0 resource
2016-10-20 09:23:17,994 [Worker-149] WARN  o.e.m.c.i.embedder.EclipseLogger - Using platform encoding (Cp1252 actually) to copy filtered resources, i.e. build is platform dependent!
2016-10-20 09:23:18,063 [Worker-149] INFO  o.e.m.c.i.embedder.EclipseLogger - Copying 0 resource
2016-10-20 09:23:18,086 [Worker-149] WARN  o.e.m.c.i.embedder.EclipseLogger - Using platform encoding (Cp1252 actually) to copy filtered resources, i.e. build is platform dependent!
2016-10-20 09:23:18,146 [Worker-149] INFO  o.e.m.c.i.embedder.EclipseLogger - Copying 0 resource
2016-10-20 09:26:11,989 [Worker-154] WARN  o.e.m.c.i.embedder.EclipseLogger - Using platform encoding (Cp1252 actually) to copy filtered resources, i.e. build is platform dependent!
2016-10-20 09:26:12,044 [Worker-154] INFO  o.e.m.c.i.embedder.EclipseLogger - Copying 0 resource
2016-10-20 09:26:12,067 [Worker-154] WARN  o.e.m.c.i.embedder.EclipseLogger - Using platform encoding (Cp1252 actually) to copy filtered resources, i.e. build is platform dependent!
2016-10-20 09:26:12,123 [Worker-154] INFO  o.e.m.c.i.embedder.EclipseLogger - Copying 0 resource
2016-10-20 09:28:36,580 [Worker-153] WARN  o.e.m.c.i.embedder.EclipseLogger - Using platform encoding (Cp1252 actually) to copy filtered resources, i.e. build is platform dependent!
2016-10-20 09:28:36,621 [Worker-153] INFO  o.e.m.c.i.embedder.EclipseLogger - Copying 0 resource
2016-10-20 09:28:36,644 [Worker-153] WARN  o.e.m.c.i.embedder.EclipseLogger - Using platform encoding (Cp1252 actually) to copy filtered resources, i.e. build is platform dependent!
2016-10-20 09:28:36,686 [Worker-153] INFO  o.e.m.c.i.embedder.EclipseLogger - Copying 0 resource
2016-10-20 09:31:50,194 [Worker-153] WARN  o.e.m.c.i.embedder.EclipseLogger - Using platform encoding (Cp1252 actually) to copy filtered resources, i.e. build is platform dependent!
2016-10-20 09:31:50,228 [Worker-153] INFO  o.e.m.c.i.embedder.EclipseLogger - Copying 0 resource
2016-10-20 09:31:50,243 [Worker-153] WARN  o.e.m.c.i.embedder.EclipseLogger - Using platform encoding (Cp1252 actually) to copy filtered resources, i.e. build is platform dependent!
2016-10-20 09:31:50,274 [Worker-153] INFO  o.e.m.c.i.embedder.EclipseLogger - Copying 0 resource
2016-10-20 09:33:43,867 [Worker-152] WARN  o.e.m.c.i.embedder.EclipseLogger - Using platform encoding (Cp1252 actually) to copy filtered resources, i.e. build is platform dependent!
2016-10-20 09:33:43,911 [Worker-152] INFO  o.e.m.c.i.embedder.EclipseLogger - Copying 0 resource
2016-10-20 09:33:43,927 [Worker-152] WARN  o.e.m.c.i.embedder.EclipseLogger - Using platform encoding (Cp1252 actually) to copy filtered resources, i.e. build is platform dependent!
2016-10-20 09:33:43,959 [Worker-152] INFO  o.e.m.c.i.embedder.EclipseLogger - Copying 0 resource
2016-10-20 09:38:50,960 [Worker-152] WARN  o.e.m.c.i.embedder.EclipseLogger - Using platform encoding (Cp1252 actually) to copy filtered resources, i.e. build is platform dependent!
2016-10-20 09:38:50,997 [Worker-152] INFO  o.e.m.c.i.embedder.EclipseLogger - Copying 0 resource
2016-10-20 09:38:51,014 [Worker-152] WARN  o.e.m.c.i.embedder.EclipseLogger - Using platform encoding (Cp1252 actually) to copy filtered resources, i.e. build is platform dependent!
2016-10-20 09:38:51,050 [Worker-152] INFO  o.e.m.c.i.embedder.EclipseLogger - Copying 0 resource
2016-10-20 09:46:51,371 [Worker-150] WARN  o.e.m.c.i.embedder.EclipseLogger - Using platform encoding (Cp1252 actually) to copy filtered resources, i.e. build is platform dependent!
2016-10-20 09:46:51,402 [Worker-150] INFO  o.e.m.c.i.embedder.EclipseLogger - Copying 0 resource
2016-10-20 09:46:51,420 [Worker-150] WARN  o.e.m.c.i.embedder.EclipseLogger - Using platform encoding (Cp1252 actually) to copy filtered resources, i.e. build is platform dependent!
2016-10-20 09:46:51,449 [Worker-150] INFO  o.e.m.c.i.embedder.EclipseLogger - Copying 0 resource
2016-10-20 09:47:00,712 [Worker-151] WARN  o.e.m.c.i.embedder.EclipseLogger - Using platform encoding (Cp1252 actually) to copy filtered resources, i.e. build is platform dependent!
2016-10-20 09:47:00,751 [Worker-151] INFO  o.e.m.c.i.embedder.EclipseLogger - Copying 0 resource
2016-10-20 09:47:00,769 [Worker-151] WARN  o.e.m.c.i.embedder.EclipseLogger - Using platform encoding (Cp1252 actually) to copy filtered resources, i.e. build is platform dependent!
2016-10-20 09:47:00,800 [Worker-151] INFO  o.e.m.c.i.embedder.EclipseLogger - Copying 0 resource
2016-10-20 09:47:45,267 [Worker-152] WARN  o.e.m.c.i.embedder.EclipseLogger - Using platform encoding (Cp1252 actually) to copy filtered resources, i.e. build is platform dependent!
2016-10-20 09:47:45,304 [Worker-152] INFO  o.e.m.c.i.embedder.EclipseLogger - Copying 0 resource
2016-10-20 09:47:45,322 [Worker-152] WARN  o.e.m.c.i.embedder.EclipseLogger - Using platform encoding (Cp1252 actually) to copy filtered resources, i.e. build is platform dependent!
2016-10-20 09:47:45,351 [Worker-152] INFO  o.e.m.c.i.embedder.EclipseLogger - Copying 0 resource
2016-10-20 09:47:58,667 [Worker-163] WARN  o.e.m.c.i.embedder.EclipseLogger - Using platform encoding (Cp1252 actually) to copy filtered resources, i.e. build is platform dependent!
2016-10-20 09:47:58,725 [Worker-163] INFO  o.e.m.c.i.embedder.EclipseLogger - Copying 0 resource
2016-10-20 09:47:58,770 [Worker-163] WARN  o.e.m.c.i.embedder.EclipseLogger - Using platform encoding (Cp1252 actually) to copy filtered resources, i.e. build is platform dependent!
2016-10-20 09:47:58,809 [Worker-163] INFO  o.e.m.c.i.embedder.EclipseLogger - Copying 0 resource
2016-10-20 09:52:43,387 [Worker-169] WARN  o.e.m.c.i.embedder.EclipseLogger - Using platform encoding (Cp1252 actually) to copy filtered resources, i.e. build is platform dependent!
2016-10-20 09:52:43,425 [Worker-169] INFO  o.e.m.c.i.embedder.EclipseLogger - Copying 0 resource
2016-10-20 09:52:43,448 [Worker-169] WARN  o.e.m.c.i.embedder.EclipseLogger - Using platform encoding (Cp1252 actually) to copy filtered resources, i.e. build is platform dependent!
2016-10-20 09:52:43,479 [Worker-169] INFO  o.e.m.c.i.embedder.EclipseLogger - Copying 0 resource
2016-10-20 09:54:44,534 [Worker-169] WARN  o.e.m.c.i.embedder.EclipseLogger - Using platform encoding (Cp1252 actually) to copy filtered resources, i.e. build is platform dependent!
2016-10-20 09:54:44,573 [Worker-169] INFO  o.e.m.c.i.embedder.EclipseLogger - Copying 0 resource
2016-10-20 09:54:44,598 [Worker-169] WARN  o.e.m.c.i.embedder.EclipseLogger - Using platform encoding (Cp1252 actually) to copy filtered resources, i.e. build is platform dependent!
2016-10-20 09:54:44,626 [Worker-169] INFO  o.e.m.c.i.embedder.EclipseLogger - Copying 0 resource
2016-10-20 09:56:16,612 [Worker-168] WARN  o.e.m.c.i.embedder.EclipseLogger - Using platform encoding (Cp1252 actually) to copy filtered resources, i.e. build is platform dependent!
2016-10-20 09:56:16,670 [Worker-168] INFO  o.e.m.c.i.embedder.EclipseLogger - Copying 0 resource
2016-10-20 09:56:16,695 [Worker-168] WARN  o.e.m.c.i.embedder.EclipseLogger - Using platform encoding (Cp1252 actually) to copy filtered resources, i.e. build is platform dependent!
2016-10-20 09:56:16,749 [Worker-168] INFO  o.e.m.c.i.embedder.EclipseLogger - Copying 0 resource
2016-10-20 10:02:46,062 [Worker-173] WARN  o.e.m.c.i.embedder.EclipseLogger - Using platform encoding (Cp1252 actually) to copy filtered resources, i.e. build is platform dependent!
2016-10-20 10:02:46,093 [Worker-173] INFO  o.e.m.c.i.embedder.EclipseLogger - Copying 0 resource
2016-10-20 10:02:46,107 [Worker-173] WARN  o.e.m.c.i.embedder.EclipseLogger - Using platform encoding (Cp1252 actually) to copy filtered resources, i.e. build is platform dependent!
2016-10-20 10:02:46,127 [Worker-173] INFO  o.e.m.c.i.embedder.EclipseLogger - Copying 0 resource
2016-10-20 10:06:31,320 [Worker-174] WARN  o.e.m.c.i.embedder.EclipseLogger - Using platform encoding (Cp1252 actually) to copy filtered resources, i.e. build is platform dependent!
2016-10-20 10:06:31,358 [Worker-174] INFO  o.e.m.c.i.embedder.EclipseLogger - Copying 0 resource
2016-10-20 10:06:31,375 [Worker-174] WARN  o.e.m.c.i.embedder.EclipseLogger - Using platform encoding (Cp1252 actually) to copy filtered resources, i.e. build is platform dependent!
2016-10-20 10:06:31,407 [Worker-174] INFO  o.e.m.c.i.embedder.EclipseLogger - Copying 0 resource
2016-10-20 10:07:04,388 [Worker-173] WARN  o.e.m.c.i.embedder.EclipseLogger - Using platform encoding (Cp1252 actually) to copy filtered resources, i.e. build is platform dependent!
2016-10-20 10:07:04,456 [Worker-173] INFO  o.e.m.c.i.embedder.EclipseLogger - Copying 0 resource
2016-10-20 10:07:04,476 [Worker-173] WARN  o.e.m.c.i.embedder.EclipseLogger - Using platform encoding (Cp1252 actually) to copy filtered resources, i.e. build is platform dependent!
2016-10-20 10:07:04,532 [Worker-173] INFO  o.e.m.c.i.embedder.EclipseLogger - Copying 0 resource
2016-10-20 10:12:08,600 [Worker-175] WARN  o.e.m.c.i.embedder.EclipseLogger - Using platform encoding (Cp1252 actually) to copy filtered resources, i.e. build is platform dependent!
2016-10-20 10:12:08,614 [Worker-175] INFO  o.e.m.c.i.embedder.EclipseLogger - Copying 0 resource
2016-10-20 10:12:08,634 [Worker-175] WARN  o.e.m.c.i.embedder.EclipseLogger - Using platform encoding (Cp1252 actually) to copy filtered resources, i.e. build is platform dependent!
2016-10-20 10:12:08,660 [Worker-175] INFO  o.e.m.c.i.embedder.EclipseLogger - Copying 0 resource
2016-10-20 10:12:11,305 [Worker-169] WARN  o.e.m.c.i.embedder.EclipseLogger - Using platform encoding (Cp1252 actually) to copy filtered resources, i.e. build is platform dependent!
2016-10-20 10:12:11,341 [Worker-169] INFO  o.e.m.c.i.embedder.EclipseLogger - Copying 0 resource
2016-10-20 10:12:11,355 [Worker-169] WARN  o.e.m.c.i.embedder.EclipseLogger - Using platform encoding (Cp1252 actually) to copy filtered resources, i.e. build is platform dependent!
2016-10-20 10:12:11,383 [Worker-169] INFO  o.e.m.c.i.embedder.EclipseLogger - Copying 0 resource
2016-10-20 10:17:30,922 [Worker-167] WARN  o.e.m.c.i.embedder.EclipseLogger - Using platform encoding (Cp1252 actually) to copy filtered resources, i.e. build is platform dependent!
2016-10-20 10:17:30,952 [Worker-167] INFO  o.e.m.c.i.embedder.EclipseLogger - Copying 0 resource
2016-10-20 10:17:30,969 [Worker-167] WARN  o.e.m.c.i.embedder.EclipseLogger - Using platform encoding (Cp1252 actually) to copy filtered resources, i.e. build is platform dependent!
2016-10-20 10:17:30,998 [Worker-167] INFO  o.e.m.c.i.embedder.EclipseLogger - Copying 0 resource
2016-10-20 10:18:39,227 [Worker-176] WARN  o.e.m.c.i.embedder.EclipseLogger - Using platform encoding (Cp1252 actually) to copy filtered resources, i.e. build is platform dependent!
2016-10-20 10:18:39,272 [Worker-176] INFO  o.e.m.c.i.embedder.EclipseLogger - Copying 0 resource
2016-10-20 10:18:39,291 [Worker-176] WARN  o.e.m.c.i.embedder.EclipseLogger - Using platform encoding (Cp1252 actually) to copy filtered resources, i.e. build is platform dependent!
2016-10-20 10:18:39,318 [Worker-176] INFO  o.e.m.c.i.embedder.EclipseLogger - Copying 0 resource
2016-10-20 10:26:08,776 [Worker-181] WARN  o.e.m.c.i.embedder.EclipseLogger - Using platform encoding (Cp1252 actually) to copy filtered resources, i.e. build is platform dependent!
2016-10-20 10:26:08,811 [Worker-181] INFO  o.e.m.c.i.embedder.EclipseLogger - Copying 0 resource
2016-10-20 10:26:08,839 [Worker-181] WARN  o.e.m.c.i.embedder.EclipseLogger - Using platform encoding (Cp1252 actually) to copy filtered resources, i.e. build is platform dependent!
2016-10-20 10:26:08,881 [Worker-181] INFO  o.e.m.c.i.embedder.EclipseLogger - Copying 0 resource
2016-10-20 10:29:41,316 [Worker-181] WARN  o.e.m.c.i.embedder.EclipseLogger - Using platform encoding (Cp1252 actually) to copy filtered resources, i.e. build is platform dependent!
2016-10-20 10:29:41,347 [Worker-181] INFO  o.e.m.c.i.embedder.EclipseLogger - Copying 0 resource
2016-10-20 10:29:41,368 [Worker-181] WARN  o.e.m.c.i.embedder.EclipseLogger - Using platform encoding (Cp1252 actually) to copy filtered resources, i.e. build is platform dependent!
2016-10-20 10:29:41,405 [Worker-181] INFO  o.e.m.c.i.embedder.EclipseLogger - Copying 0 resource
2016-10-20 10:29:55,583 [Worker-183] WARN  o.e.m.c.i.embedder.EclipseLogger - Using platform encoding (Cp1252 actually) to copy filtered resources, i.e. build is platform dependent!
2016-10-20 10:29:55,638 [Worker-183] INFO  o.e.m.c.i.embedder.EclipseLogger - Copying 0 resource
2016-10-20 10:29:55,664 [Worker-183] WARN  o.e.m.c.i.embedder.EclipseLogger - Using platform encoding (Cp1252 actually) to copy filtered resources, i.e. build is platform dependent!
2016-10-20 10:29:55,704 [Worker-183] INFO  o.e.m.c.i.embedder.EclipseLogger - Copying 0 resource
2016-10-20 10:30:22,189 [Worker-183] WARN  o.e.m.c.i.embedder.EclipseLogger - Using platform encoding (Cp1252 actually) to copy filtered resources, i.e. build is platform dependent!
2016-10-20 10:30:22,218 [Worker-183] INFO  o.e.m.c.i.embedder.EclipseLogger - Copying 0 resource
2016-10-20 10:30:22,238 [Worker-183] WARN  o.e.m.c.i.embedder.EclipseLogger - Using platform encoding (Cp1252 actually) to copy filtered resources, i.e. build is platform dependent!
2016-10-20 10:30:22,267 [Worker-183] INFO  o.e.m.c.i.embedder.EclipseLogger - Copying 0 resource
2016-10-20 10:30:49,620 [Worker-183] WARN  o.e.m.c.i.embedder.EclipseLogger - Using platform encoding (Cp1252 actually) to copy filtered resources, i.e. build is platform dependent!
2016-10-20 10:30:49,661 [Worker-183] INFO  o.e.m.c.i.embedder.EclipseLogger - Copying 0 resource
2016-10-20 10:30:49,678 [Worker-183] WARN  o.e.m.c.i.embedder.EclipseLogger - Using platform encoding (Cp1252 actually) to copy filtered resources, i.e. build is platform dependent!
2016-10-20 10:30:49,704 [Worker-183] INFO  o.e.m.c.i.embedder.EclipseLogger - Copying 0 resource
2016-10-20 10:31:05,031 [Worker-185] WARN  o.e.m.c.i.embedder.EclipseLogger - Using platform encoding (Cp1252 actually) to copy filtered resources, i.e. build is platform dependent!
2016-10-20 10:31:05,080 [Worker-185] INFO  o.e.m.c.i.embedder.EclipseLogger - Copying 0 resource
2016-10-20 10:31:05,101 [Worker-185] WARN  o.e.m.c.i.embedder.EclipseLogger - Using platform encoding (Cp1252 actually) to copy filtered resources, i.e. build is platform dependent!
2016-10-20 10:31:05,130 [Worker-185] INFO  o.e.m.c.i.embedder.EclipseLogger - Copying 0 resource
2016-10-20 10:31:22,328 [Worker-176] WARN  o.e.m.c.i.embedder.EclipseLogger - Using platform encoding (Cp1252 actually) to copy filtered resources, i.e. build is platform dependent!
2016-10-20 10:31:22,352 [Worker-176] INFO  o.e.m.c.i.embedder.EclipseLogger - Copying 0 resource
2016-10-20 10:31:22,367 [Worker-176] WARN  o.e.m.c.i.embedder.EclipseLogger - Using platform encoding (Cp1252 actually) to copy filtered resources, i.e. build is platform dependent!
2016-10-20 10:31:22,388 [Worker-176] INFO  o.e.m.c.i.embedder.EclipseLogger - Copying 0 resource
2016-10-20 10:31:33,709 [Worker-185] WARN  o.e.m.c.i.embedder.EclipseLogger - Using platform encoding (Cp1252 actually) to copy filtered resources, i.e. build is platform dependent!
2016-10-20 10:31:33,735 [Worker-185] INFO  o.e.m.c.i.embedder.EclipseLogger - Copying 0 resource
2016-10-20 10:31:33,746 [Worker-185] WARN  o.e.m.c.i.embedder.EclipseLogger - Using platform encoding (Cp1252 actually) to copy filtered resources, i.e. build is platform dependent!
2016-10-20 10:31:33,767 [Worker-185] INFO  o.e.m.c.i.embedder.EclipseLogger - Copying 0 resource
2016-10-20 10:33:39,895 [Worker-183] WARN  o.e.m.c.i.embedder.EclipseLogger - Using platform encoding (Cp1252 actually) to copy filtered resources, i.e. build is platform dependent!
2016-10-20 10:33:39,921 [Worker-183] INFO  o.e.m.c.i.embedder.EclipseLogger - Copying 0 resource
2016-10-20 10:33:39,942 [Worker-183] WARN  o.e.m.c.i.embedder.EclipseLogger - Using platform encoding (Cp1252 actually) to copy filtered resources, i.e. build is platform dependent!
2016-10-20 10:33:39,990 [Worker-183] INFO  o.e.m.c.i.embedder.EclipseLogger - Copying 0 resource
2016-10-20 10:34:26,449 [Worker-185] WARN  o.e.m.c.i.embedder.EclipseLogger - Using platform encoding (Cp1252 actually) to copy filtered resources, i.e. build is platform dependent!
2016-10-20 10:34:26,507 [Worker-185] INFO  o.e.m.c.i.embedder.EclipseLogger - Copying 0 resource
2016-10-20 10:34:26,526 [Worker-185] WARN  o.e.m.c.i.embedder.EclipseLogger - Using platform encoding (Cp1252 actually) to copy filtered resources, i.e. build is platform dependent!
2016-10-20 10:34:26,559 [Worker-185] INFO  o.e.m.c.i.embedder.EclipseLogger - Copying 0 resource
2016-10-20 10:35:19,432 [Worker-185] WARN  o.e.m.c.i.embedder.EclipseLogger - Using platform encoding (Cp1252 actually) to copy filtered resources, i.e. build is platform dependent!
2016-10-20 10:35:19,482 [Worker-185] INFO  o.e.m.c.i.embedder.EclipseLogger - Copying 0 resource
2016-10-20 10:35:19,513 [Worker-185] WARN  o.e.m.c.i.embedder.EclipseLogger - Using platform encoding (Cp1252 actually) to copy filtered resources, i.e. build is platform dependent!
2016-10-20 10:35:19,559 [Worker-185] INFO  o.e.m.c.i.embedder.EclipseLogger - Copying 0 resource
2016-10-20 10:36:49,342 [Worker-185] WARN  o.e.m.c.i.embedder.EclipseLogger - Using platform encoding (Cp1252 actually) to copy filtered resources, i.e. build is platform dependent!
2016-10-20 10:36:49,377 [Worker-185] INFO  o.e.m.c.i.embedder.EclipseLogger - Copying 0 resource
2016-10-20 10:36:49,395 [Worker-185] WARN  o.e.m.c.i.embedder.EclipseLogger - Using platform encoding (Cp1252 actually) to copy filtered resources, i.e. build is platform dependent!
2016-10-20 10:36:49,423 [Worker-185] INFO  o.e.m.c.i.embedder.EclipseLogger - Copying 0 resource
2016-10-20 10:38:40,254 [Worker-185] WARN  o.e.m.c.i.embedder.EclipseLogger - Using platform encoding (Cp1252 actually) to copy filtered resources, i.e. build is platform dependent!
2016-10-20 10:38:40,279 [Worker-185] INFO  o.e.m.c.i.embedder.EclipseLogger - Copying 0 resource
2016-10-20 10:38:40,296 [Worker-185] WARN  o.e.m.c.i.embedder.EclipseLogger - Using platform encoding (Cp1252 actually) to copy filtered resources, i.e. build is platform dependent!
2016-10-20 10:38:40,333 [Worker-185] INFO  o.e.m.c.i.embedder.EclipseLogger - Copying 0 resource
2016-10-20 10:39:17,298 [Worker-181] WARN  o.e.m.c.i.embedder.EclipseLogger - Using platform encoding (Cp1252 actually) to copy filtered resources, i.e. build is platform dependent!
2016-10-20 10:39:17,331 [Worker-181] INFO  o.e.m.c.i.embedder.EclipseLogger - Copying 0 resource
2016-10-20 10:39:17,354 [Worker-181] WARN  o.e.m.c.i.embedder.EclipseLogger - Using platform encoding (Cp1252 actually) to copy filtered resources, i.e. build is platform dependent!
2016-10-20 10:39:17,380 [Worker-181] INFO  o.e.m.c.i.embedder.EclipseLogger - Copying 0 resource
2016-10-20 10:39:52,237 [Worker-184] WARN  o.e.m.c.i.embedder.EclipseLogger - Using platform encoding (Cp1252 actually) to copy filtered resources, i.e. build is platform dependent!
2016-10-20 10:39:52,289 [Worker-184] INFO  o.e.m.c.i.embedder.EclipseLogger - Copying 0 resource
2016-10-20 10:39:52,312 [Worker-184] WARN  o.e.m.c.i.embedder.EclipseLogger - Using platform encoding (Cp1252 actually) to copy filtered resources, i.e. build is platform dependent!
2016-10-20 10:39:52,356 [Worker-184] INFO  o.e.m.c.i.embedder.EclipseLogger - Copying 0 resource
2016-10-20 10:39:58,110 [Worker-167] WARN  o.e.m.c.i.embedder.EclipseLogger - Using platform encoding (Cp1252 actually) to copy filtered resources, i.e. build is platform dependent!
2016-10-20 10:39:58,158 [Worker-167] INFO  o.e.m.c.i.embedder.EclipseLogger - Copying 0 resource
2016-10-20 10:39:58,173 [Worker-167] WARN  o.e.m.c.i.embedder.EclipseLogger - Using platform encoding (Cp1252 actually) to copy filtered resources, i.e. build is platform dependent!
2016-10-20 10:39:58,206 [Worker-167] INFO  o.e.m.c.i.embedder.EclipseLogger - Copying 0 resource
2016-10-20 10:40:02,973 [Worker-183] WARN  o.e.m.c.i.embedder.EclipseLogger - Using platform encoding (Cp1252 actually) to copy filtered resources, i.e. build is platform dependent!
2016-10-20 10:40:03,011 [Worker-183] INFO  o.e.m.c.i.embedder.EclipseLogger - Copying 0 resource
2016-10-20 10:40:03,029 [Worker-183] WARN  o.e.m.c.i.embedder.EclipseLogger - Using platform encoding (Cp1252 actually) to copy filtered resources, i.e. build is platform dependent!
2016-10-20 10:40:03,063 [Worker-183] INFO  o.e.m.c.i.embedder.EclipseLogger - Copying 0 resource
2016-10-20 10:40:04,437 [Worker-180] WARN  o.e.m.c.i.embedder.EclipseLogger - Using platform encoding (Cp1252 actually) to copy filtered resources, i.e. build is platform dependent!
2016-10-20 10:40:04,482 [Worker-180] INFO  o.e.m.c.i.embedder.EclipseLogger - Copying 0 resource
2016-10-20 10:40:04,501 [Worker-180] WARN  o.e.m.c.i.embedder.EclipseLogger - Using platform encoding (Cp1252 actually) to copy filtered resources, i.e. build is platform dependent!
2016-10-20 10:40:04,534 [Worker-180] INFO  o.e.m.c.i.embedder.EclipseLogger - Copying 0 resource
2016-10-20 10:40:09,691 [Worker-179] WARN  o.e.m.c.i.embedder.EclipseLogger - Using platform encoding (Cp1252 actually) to copy filtered resources, i.e. build is platform dependent!
2016-10-20 10:40:09,735 [Worker-179] INFO  o.e.m.c.i.embedder.EclipseLogger - Copying 0 resource
2016-10-20 10:40:09,752 [Worker-179] WARN  o.e.m.c.i.embedder.EclipseLogger - Using platform encoding (Cp1252 actually) to copy filtered resources, i.e. build is platform dependent!
2016-10-20 10:40:09,794 [Worker-179] INFO  o.e.m.c.i.embedder.EclipseLogger - Copying 0 resource
2016-10-20 10:40:11,456 [Worker-184] WARN  o.e.m.c.i.embedder.EclipseLogger - Using platform encoding (Cp1252 actually) to copy filtered resources, i.e. build is platform dependent!
2016-10-20 10:40:11,532 [Worker-184] INFO  o.e.m.c.i.embedder.EclipseLogger - Copying 0 resource
2016-10-20 10:40:11,561 [Worker-184] WARN  o.e.m.c.i.embedder.EclipseLogger - Using platform encoding (Cp1252 actually) to copy filtered resources, i.e. build is platform dependent!
2016-10-20 10:40:11,592 [Worker-184] INFO  o.e.m.c.i.embedder.EclipseLogger - Copying 0 resource
2016-10-20 10:40:29,636 [Worker-185] WARN  o.e.m.c.i.embedder.EclipseLogger - Using platform encoding (Cp1252 actually) to copy filtered resources, i.e. build is platform dependent!
2016-10-20 10:40:29,676 [Worker-185] INFO  o.e.m.c.i.embedder.EclipseLogger - Copying 0 resource
2016-10-20 10:40:29,694 [Worker-185] WARN  o.e.m.c.i.embedder.EclipseLogger - Using platform encoding (Cp1252 actually) to copy filtered resources, i.e. build is platform dependent!
2016-10-20 10:40:29,717 [Worker-185] INFO  o.e.m.c.i.embedder.EclipseLogger - Copying 0 resource
2016-10-20 10:40:30,932 [Worker-184] WARN  o.e.m.c.i.embedder.EclipseLogger - Using platform encoding (Cp1252 actually) to copy filtered resources, i.e. build is platform dependent!
2016-10-20 10:40:30,977 [Worker-184] INFO  o.e.m.c.i.embedder.EclipseLogger - Copying 0 resource
2016-10-20 10:40:30,997 [Worker-184] WARN  o.e.m.c.i.embedder.EclipseLogger - Using platform encoding (Cp1252 actually) to copy filtered resources, i.e. build is platform dependent!
2016-10-20 10:40:31,031 [Worker-184] INFO  o.e.m.c.i.embedder.EclipseLogger - Copying 0 resource
2016-10-20 10:40:36,189 [Worker-185] WARN  o.e.m.c.i.embedder.EclipseLogger - Using platform encoding (Cp1252 actually) to copy filtered resources, i.e. build is platform dependent!
2016-10-20 10:40:36,238 [Worker-185] INFO  o.e.m.c.i.embedder.EclipseLogger - Copying 0 resource
2016-10-20 10:40:36,256 [Worker-185] WARN  o.e.m.c.i.embedder.EclipseLogger - Using platform encoding (Cp1252 actually) to copy filtered resources, i.e. build is platform dependent!
2016-10-20 10:40:36,293 [Worker-185] INFO  o.e.m.c.i.embedder.EclipseLogger - Copying 0 resource
2016-10-20 10:40:53,585 [Worker-186] WARN  o.e.m.c.i.embedder.EclipseLogger - Using platform encoding (Cp1252 actually) to copy filtered resources, i.e. build is platform dependent!
2016-10-20 10:40:53,642 [Worker-186] INFO  o.e.m.c.i.embedder.EclipseLogger - Copying 0 resource
2016-10-20 10:40:53,662 [Worker-186] WARN  o.e.m.c.i.embedder.EclipseLogger - Using platform encoding (Cp1252 actually) to copy filtered resources, i.e. build is platform dependent!
2016-10-20 10:40:53,684 [Worker-186] INFO  o.e.m.c.i.embedder.EclipseLogger - Copying 0 resource
2016-10-20 10:41:32,120 [Worker-186] WARN  o.e.m.c.i.embedder.EclipseLogger - Using platform encoding (Cp1252 actually) to copy filtered resources, i.e. build is platform dependent!
2016-10-20 10:41:32,169 [Worker-186] INFO  o.e.m.c.i.embedder.EclipseLogger - Copying 0 resource
2016-10-20 10:41:32,188 [Worker-186] WARN  o.e.m.c.i.embedder.EclipseLogger - Using platform encoding (Cp1252 actually) to copy filtered resources, i.e. build is platform dependent!
2016-10-20 10:41:32,243 [Worker-186] INFO  o.e.m.c.i.embedder.EclipseLogger - Copying 0 resource
2016-10-20 10:41:40,836 [Worker-184] WARN  o.e.m.c.i.embedder.EclipseLogger - Using platform encoding (Cp1252 actually) to copy filtered resources, i.e. build is platform dependent!
2016-10-20 10:41:40,871 [Worker-184] INFO  o.e.m.c.i.embedder.EclipseLogger - Copying 0 resource
2016-10-20 10:41:40,881 [Worker-184] WARN  o.e.m.c.i.embedder.EclipseLogger - Using platform encoding (Cp1252 actually) to copy filtered resources, i.e. build is platform dependent!
2016-10-20 10:41:40,905 [Worker-184] INFO  o.e.m.c.i.embedder.EclipseLogger - Copying 0 resource
2016-10-20 10:41:50,458 [Worker-183] WARN  o.e.m.c.i.embedder.EclipseLogger - Using platform encoding (Cp1252 actually) to copy filtered resources, i.e. build is platform dependent!
2016-10-20 10:41:50,482 [Worker-183] INFO  o.e.m.c.i.embedder.EclipseLogger - Copying 0 resource
2016-10-20 10:41:50,494 [Worker-183] WARN  o.e.m.c.i.embedder.EclipseLogger - Using platform encoding (Cp1252 actually) to copy filtered resources, i.e. build is platform dependent!
2016-10-20 10:41:50,516 [Worker-183] INFO  o.e.m.c.i.embedder.EclipseLogger - Copying 0 resource
2016-10-20 10:43:49,959 [Worker-187] WARN  o.e.m.c.i.embedder.EclipseLogger - Using platform encoding (Cp1252 actually) to copy filtered resources, i.e. build is platform dependent!
2016-10-20 10:43:49,975 [Worker-187] INFO  o.e.m.c.i.embedder.EclipseLogger - Copying 0 resource
2016-10-20 10:43:49,987 [Worker-187] WARN  o.e.m.c.i.embedder.EclipseLogger - Using platform encoding (Cp1252 actually) to copy filtered resources, i.e. build is platform dependent!
2016-10-20 10:43:50,011 [Worker-187] INFO  o.e.m.c.i.embedder.EclipseLogger - Copying 0 resource
2016-10-20 10:43:56,577 [Worker-182] WARN  o.e.m.c.i.embedder.EclipseLogger - Using platform encoding (Cp1252 actually) to copy filtered resources, i.e. build is platform dependent!
2016-10-20 10:43:56,615 [Worker-182] INFO  o.e.m.c.i.embedder.EclipseLogger - Copying 0 resource
2016-10-20 10:43:56,635 [Worker-182] WARN  o.e.m.c.i.embedder.EclipseLogger - Using platform encoding (Cp1252 actually) to copy filtered resources, i.e. build is platform dependent!
2016-10-20 10:43:56,663 [Worker-182] INFO  o.e.m.c.i.embedder.EclipseLogger - Copying 0 resource
2016-10-20 10:44:54,091 [Worker-167] WARN  o.e.m.c.i.embedder.EclipseLogger - Using platform encoding (Cp1252 actually) to copy filtered resources, i.e. build is platform dependent!
2016-10-20 10:44:54,162 [Worker-167] INFO  o.e.m.c.i.embedder.EclipseLogger - Copying 0 resource
2016-10-20 10:44:54,195 [Worker-167] WARN  o.e.m.c.i.embedder.EclipseLogger - Using platform encoding (Cp1252 actually) to copy filtered resources, i.e. build is platform dependent!
2016-10-20 10:44:54,267 [Worker-167] INFO  o.e.m.c.i.embedder.EclipseLogger - Copying 0 resource
2016-10-20 10:46:04,982 [Worker-176] WARN  o.e.m.c.i.embedder.EclipseLogger - Using platform encoding (Cp1252 actually) to copy filtered resources, i.e. build is platform dependent!
2016-10-20 10:46:05,024 [Worker-176] INFO  o.e.m.c.i.embedder.EclipseLogger - Copying 0 resource
2016-10-20 10:46:05,043 [Worker-176] WARN  o.e.m.c.i.embedder.EclipseLogger - Using platform encoding (Cp1252 actually) to copy filtered resources, i.e. build is platform dependent!
2016-10-20 10:46:05,077 [Worker-176] INFO  o.e.m.c.i.embedder.EclipseLogger - Copying 0 resource
2016-10-20 10:51:23,473 [Worker-181] WARN  o.e.m.c.i.embedder.EclipseLogger - Using platform encoding (Cp1252 actually) to copy filtered resources, i.e. build is platform dependent!
2016-10-20 10:51:23,501 [Worker-181] INFO  o.e.m.c.i.embedder.EclipseLogger - Copying 0 resource
2016-10-20 10:51:23,518 [Worker-181] WARN  o.e.m.c.i.embedder.EclipseLogger - Using platform encoding (Cp1252 actually) to copy filtered resources, i.e. build is platform dependent!
2016-10-20 10:51:23,549 [Worker-181] INFO  o.e.m.c.i.embedder.EclipseLogger - Copying 0 resource
2016-10-20 10:53:25,053 [Worker-185] WARN  o.e.m.c.i.embedder.EclipseLogger - Using platform encoding (Cp1252 actually) to copy filtered resources, i.e. build is platform dependent!
2016-10-20 10:53:25,081 [Worker-185] INFO  o.e.m.c.i.embedder.EclipseLogger - Copying 0 resource
2016-10-20 10:53:25,110 [Worker-185] WARN  o.e.m.c.i.embedder.EclipseLogger - Using platform encoding (Cp1252 actually) to copy filtered resources, i.e. build is platform dependent!
2016-10-20 10:53:25,152 [Worker-185] INFO  o.e.m.c.i.embedder.EclipseLogger - Copying 0 resource
2016-10-20 10:53:33,520 [Worker-187] WARN  o.e.m.c.i.embedder.EclipseLogger - Using platform encoding (Cp1252 actually) to copy filtered resources, i.e. build is platform dependent!
2016-10-20 10:53:33,556 [Worker-187] INFO  o.e.m.c.i.embedder.EclipseLogger - Copying 0 resource
2016-10-20 10:53:33,571 [Worker-187] WARN  o.e.m.c.i.embedder.EclipseLogger - Using platform encoding (Cp1252 actually) to copy filtered resources, i.e. build is platform dependent!
2016-10-20 10:53:33,594 [Worker-187] INFO  o.e.m.c.i.embedder.EclipseLogger - Copying 0 resource
2016-10-20 10:53:40,987 [Worker-186] WARN  o.e.m.c.i.embedder.EclipseLogger - Using platform encoding (Cp1252 actually) to copy filtered resources, i.e. build is platform dependent!
2016-10-20 10:53:41,026 [Worker-186] INFO  o.e.m.c.i.embedder.EclipseLogger - Copying 0 resource
2016-10-20 10:53:41,042 [Worker-186] WARN  o.e.m.c.i.embedder.EclipseLogger - Using platform encoding (Cp1252 actually) to copy filtered resources, i.e. build is platform dependent!
2016-10-20 10:53:41,069 [Worker-186] INFO  o.e.m.c.i.embedder.EclipseLogger - Copying 0 resource
2016-10-20 10:53:45,550 [Worker-176] WARN  o.e.m.c.i.embedder.EclipseLogger - Using platform encoding (Cp1252 actually) to copy filtered resources, i.e. build is platform dependent!
2016-10-20 10:53:45,591 [Worker-176] INFO  o.e.m.c.i.embedder.EclipseLogger - Copying 0 resource
2016-10-20 10:53:45,613 [Worker-176] WARN  o.e.m.c.i.embedder.EclipseLogger - Using platform encoding (Cp1252 actually) to copy filtered resources, i.e. build is platform dependent!
2016-10-20 10:53:45,651 [Worker-176] INFO  o.e.m.c.i.embedder.EclipseLogger - Copying 0 resource
